2018-04-12 23:58:45 [scrapy.utils.log] INFO: Scrapy 1.4.0 started (bot: shoolnews)
2018-04-12 23:58:45 [scrapy.utils.log] INFO: Overridden settings: {'NEWSPIDER_MODULE': 'shoolnews.spiders', 'ROBOTSTXT_OBEY': True, 'SPIDER_MODULES': ['shoolnews.spiders'], 'BOT_NAME': 'shoolnews', 'COOKIES_ENABLED': False, 'LOG_FILE': 'schoolscrapy.log', 'DOWNLOAD_DELAY': 3}
2018-04-12 23:58:45 [scrapy.middleware] INFO: Enabled extensions:
['scrapy.extensions.logstats.LogStats',
 'scrapy.extensions.telnet.TelnetConsole',
 'scrapy.extensions.corestats.CoreStats']
2018-04-12 23:58:45 [twisted] CRITICAL: Unhandled error in Deferred:
2018-04-12 23:58:45 [twisted] CRITICAL: 
Traceback (most recent call last):
  File "c:\python27\lib\site-packages\twisted\internet\defer.py", line 1386, in _inlineCallbacks
    result = g.send(result)
  File "c:\python27\lib\site-packages\scrapy\crawler.py", line 95, in crawl
    six.reraise(*exc_info)
  File "c:\python27\lib\site-packages\scrapy\crawler.py", line 77, in crawl
    self.engine = self._create_engine()
  File "c:\python27\lib\site-packages\scrapy\crawler.py", line 102, in _create_engine
    return ExecutionEngine(self, lambda _: self.stop())
  File "c:\python27\lib\site-packages\scrapy\core\engine.py", line 69, in __init__
    self.downloader = downloader_cls(crawler)
  File "c:\python27\lib\site-packages\scrapy\core\downloader\__init__.py", line 88, in __init__
    self.middleware = DownloaderMiddlewareManager.from_crawler(crawler)
  File "c:\python27\lib\site-packages\scrapy\middleware.py", line 58, in from_crawler
    return cls.from_settings(crawler.settings, crawler)
  File "c:\python27\lib\site-packages\scrapy\middleware.py", line 34, in from_settings
    mwcls = load_object(clspath)
  File "c:\python27\lib\site-packages\scrapy\utils\misc.py", line 44, in load_object
    mod = import_module(module)
  File "c:\python27\lib\importlib\__init__.py", line 37, in import_module
    __import__(name)
  File "c:\python27\lib\site-packages\scrapy\downloadermiddlewares\retry.py", line 20, in <module>
    from twisted.web.client import ResponseFailed
  File "c:\python27\lib\site-packages\twisted\web\client.py", line 42, in <module>
    from twisted.internet.endpoints import HostnameEndpoint, wrapClientTLS
  File "c:\python27\lib\site-packages\twisted\internet\endpoints.py", line 41, in <module>
    from twisted.internet.stdio import StandardIO, PipeAddress
  File "c:\python27\lib\site-packages\twisted\internet\stdio.py", line 30, in <module>
    from twisted.internet import _win32stdio
  File "c:\python27\lib\site-packages\twisted\internet\_win32stdio.py", line 9, in <module>
    import win32api
ImportError: No module named win32api
2018-04-12 23:58:46 [scrapy.utils.log] INFO: Scrapy 1.4.0 started (bot: shoolnews)
2018-04-12 23:58:46 [scrapy.utils.log] INFO: Overridden settings: {'NEWSPIDER_MODULE': 'shoolnews.spiders', 'ROBOTSTXT_OBEY': True, 'SPIDER_MODULES': ['shoolnews.spiders'], 'BOT_NAME': 'shoolnews', 'COOKIES_ENABLED': False, 'LOG_FILE': 'schoolscrapy.log', 'DOWNLOAD_DELAY': 3}
2018-04-12 23:58:46 [scrapy.middleware] INFO: Enabled extensions:
['scrapy.extensions.logstats.LogStats',
 'scrapy.extensions.telnet.TelnetConsole',
 'scrapy.extensions.corestats.CoreStats']
2018-04-12 23:58:46 [twisted] CRITICAL: Unhandled error in Deferred:
2018-04-12 23:58:46 [twisted] CRITICAL: 
Traceback (most recent call last):
  File "c:\python27\lib\site-packages\twisted\internet\defer.py", line 1386, in _inlineCallbacks
    result = g.send(result)
  File "c:\python27\lib\site-packages\scrapy\crawler.py", line 95, in crawl
    six.reraise(*exc_info)
  File "c:\python27\lib\site-packages\scrapy\crawler.py", line 77, in crawl
    self.engine = self._create_engine()
  File "c:\python27\lib\site-packages\scrapy\crawler.py", line 102, in _create_engine
    return ExecutionEngine(self, lambda _: self.stop())
  File "c:\python27\lib\site-packages\scrapy\core\engine.py", line 69, in __init__
    self.downloader = downloader_cls(crawler)
  File "c:\python27\lib\site-packages\scrapy\core\downloader\__init__.py", line 88, in __init__
    self.middleware = DownloaderMiddlewareManager.from_crawler(crawler)
  File "c:\python27\lib\site-packages\scrapy\middleware.py", line 58, in from_crawler
    return cls.from_settings(crawler.settings, crawler)
  File "c:\python27\lib\site-packages\scrapy\middleware.py", line 34, in from_settings
    mwcls = load_object(clspath)
  File "c:\python27\lib\site-packages\scrapy\utils\misc.py", line 44, in load_object
    mod = import_module(module)
  File "c:\python27\lib\importlib\__init__.py", line 37, in import_module
    __import__(name)
  File "c:\python27\lib\site-packages\scrapy\downloadermiddlewares\retry.py", line 20, in <module>
    from twisted.web.client import ResponseFailed
  File "c:\python27\lib\site-packages\twisted\web\client.py", line 42, in <module>
    from twisted.internet.endpoints import HostnameEndpoint, wrapClientTLS
  File "c:\python27\lib\site-packages\twisted\internet\endpoints.py", line 41, in <module>
    from twisted.internet.stdio import StandardIO, PipeAddress
  File "c:\python27\lib\site-packages\twisted\internet\stdio.py", line 30, in <module>
    from twisted.internet import _win32stdio
  File "c:\python27\lib\site-packages\twisted\internet\_win32stdio.py", line 9, in <module>
    import win32api
ImportError: No module named win32api
2018-04-12 23:58:47 [scrapy.utils.log] INFO: Scrapy 1.4.0 started (bot: shoolnews)
2018-04-12 23:58:47 [scrapy.utils.log] INFO: Overridden settings: {'NEWSPIDER_MODULE': 'shoolnews.spiders', 'ROBOTSTXT_OBEY': True, 'SPIDER_MODULES': ['shoolnews.spiders'], 'BOT_NAME': 'shoolnews', 'COOKIES_ENABLED': False, 'LOG_FILE': 'schoolscrapy.log', 'DOWNLOAD_DELAY': 3}
2018-04-12 23:58:47 [scrapy.middleware] INFO: Enabled extensions:
['scrapy.extensions.logstats.LogStats',
 'scrapy.extensions.telnet.TelnetConsole',
 'scrapy.extensions.corestats.CoreStats']
2018-04-12 23:58:47 [twisted] CRITICAL: Unhandled error in Deferred:
2018-04-12 23:58:47 [twisted] CRITICAL: 
Traceback (most recent call last):
  File "c:\python27\lib\site-packages\twisted\internet\defer.py", line 1386, in _inlineCallbacks
    result = g.send(result)
  File "c:\python27\lib\site-packages\scrapy\crawler.py", line 95, in crawl
    six.reraise(*exc_info)
  File "c:\python27\lib\site-packages\scrapy\crawler.py", line 77, in crawl
    self.engine = self._create_engine()
  File "c:\python27\lib\site-packages\scrapy\crawler.py", line 102, in _create_engine
    return ExecutionEngine(self, lambda _: self.stop())
  File "c:\python27\lib\site-packages\scrapy\core\engine.py", line 69, in __init__
    self.downloader = downloader_cls(crawler)
  File "c:\python27\lib\site-packages\scrapy\core\downloader\__init__.py", line 88, in __init__
    self.middleware = DownloaderMiddlewareManager.from_crawler(crawler)
  File "c:\python27\lib\site-packages\scrapy\middleware.py", line 58, in from_crawler
    return cls.from_settings(crawler.settings, crawler)
  File "c:\python27\lib\site-packages\scrapy\middleware.py", line 34, in from_settings
    mwcls = load_object(clspath)
  File "c:\python27\lib\site-packages\scrapy\utils\misc.py", line 44, in load_object
    mod = import_module(module)
  File "c:\python27\lib\importlib\__init__.py", line 37, in import_module
    __import__(name)
  File "c:\python27\lib\site-packages\scrapy\downloadermiddlewares\retry.py", line 20, in <module>
    from twisted.web.client import ResponseFailed
  File "c:\python27\lib\site-packages\twisted\web\client.py", line 42, in <module>
    from twisted.internet.endpoints import HostnameEndpoint, wrapClientTLS
  File "c:\python27\lib\site-packages\twisted\internet\endpoints.py", line 41, in <module>
    from twisted.internet.stdio import StandardIO, PipeAddress
  File "c:\python27\lib\site-packages\twisted\internet\stdio.py", line 30, in <module>
    from twisted.internet import _win32stdio
  File "c:\python27\lib\site-packages\twisted\internet\_win32stdio.py", line 9, in <module>
    import win32api
ImportError: No module named win32api
2018-04-12 23:58:48 [scrapy.utils.log] INFO: Scrapy 1.4.0 started (bot: shoolnews)
2018-04-12 23:58:48 [scrapy.utils.log] INFO: Overridden settings: {'NEWSPIDER_MODULE': 'shoolnews.spiders', 'ROBOTSTXT_OBEY': True, 'SPIDER_MODULES': ['shoolnews.spiders'], 'BOT_NAME': 'shoolnews', 'COOKIES_ENABLED': False, 'LOG_FILE': 'schoolscrapy.log', 'DOWNLOAD_DELAY': 3}
2018-04-12 23:58:48 [scrapy.middleware] INFO: Enabled extensions:
['scrapy.extensions.logstats.LogStats',
 'scrapy.extensions.telnet.TelnetConsole',
 'scrapy.extensions.corestats.CoreStats']
2018-04-12 23:58:48 [twisted] CRITICAL: Unhandled error in Deferred:
2018-04-12 23:58:48 [twisted] CRITICAL: 
Traceback (most recent call last):
  File "c:\python27\lib\site-packages\twisted\internet\defer.py", line 1386, in _inlineCallbacks
    result = g.send(result)
  File "c:\python27\lib\site-packages\scrapy\crawler.py", line 95, in crawl
    six.reraise(*exc_info)
  File "c:\python27\lib\site-packages\scrapy\crawler.py", line 77, in crawl
    self.engine = self._create_engine()
  File "c:\python27\lib\site-packages\scrapy\crawler.py", line 102, in _create_engine
    return ExecutionEngine(self, lambda _: self.stop())
  File "c:\python27\lib\site-packages\scrapy\core\engine.py", line 69, in __init__
    self.downloader = downloader_cls(crawler)
  File "c:\python27\lib\site-packages\scrapy\core\downloader\__init__.py", line 88, in __init__
    self.middleware = DownloaderMiddlewareManager.from_crawler(crawler)
  File "c:\python27\lib\site-packages\scrapy\middleware.py", line 58, in from_crawler
    return cls.from_settings(crawler.settings, crawler)
  File "c:\python27\lib\site-packages\scrapy\middleware.py", line 34, in from_settings
    mwcls = load_object(clspath)
  File "c:\python27\lib\site-packages\scrapy\utils\misc.py", line 44, in load_object
    mod = import_module(module)
  File "c:\python27\lib\importlib\__init__.py", line 37, in import_module
    __import__(name)
  File "c:\python27\lib\site-packages\scrapy\downloadermiddlewares\retry.py", line 20, in <module>
    from twisted.web.client import ResponseFailed
  File "c:\python27\lib\site-packages\twisted\web\client.py", line 42, in <module>
    from twisted.internet.endpoints import HostnameEndpoint, wrapClientTLS
  File "c:\python27\lib\site-packages\twisted\internet\endpoints.py", line 41, in <module>
    from twisted.internet.stdio import StandardIO, PipeAddress
  File "c:\python27\lib\site-packages\twisted\internet\stdio.py", line 30, in <module>
    from twisted.internet import _win32stdio
  File "c:\python27\lib\site-packages\twisted\internet\_win32stdio.py", line 9, in <module>
    import win32api
ImportError: No module named win32api
2018-04-12 23:58:48 [scrapy.utils.log] INFO: Scrapy 1.4.0 started (bot: shoolnews)
2018-04-12 23:58:48 [scrapy.utils.log] INFO: Overridden settings: {'NEWSPIDER_MODULE': 'shoolnews.spiders', 'ROBOTSTXT_OBEY': True, 'SPIDER_MODULES': ['shoolnews.spiders'], 'BOT_NAME': 'shoolnews', 'COOKIES_ENABLED': False, 'LOG_FILE': 'schoolscrapy.log', 'DOWNLOAD_DELAY': 3}
2018-04-12 23:58:48 [scrapy.middleware] INFO: Enabled extensions:
['scrapy.extensions.logstats.LogStats',
 'scrapy.extensions.telnet.TelnetConsole',
 'scrapy.extensions.corestats.CoreStats']
2018-04-12 23:58:48 [twisted] CRITICAL: Unhandled error in Deferred:
2018-04-12 23:58:48 [twisted] CRITICAL: 
Traceback (most recent call last):
  File "c:\python27\lib\site-packages\twisted\internet\defer.py", line 1386, in _inlineCallbacks
    result = g.send(result)
  File "c:\python27\lib\site-packages\scrapy\crawler.py", line 95, in crawl
    six.reraise(*exc_info)
  File "c:\python27\lib\site-packages\scrapy\crawler.py", line 77, in crawl
    self.engine = self._create_engine()
  File "c:\python27\lib\site-packages\scrapy\crawler.py", line 102, in _create_engine
    return ExecutionEngine(self, lambda _: self.stop())
  File "c:\python27\lib\site-packages\scrapy\core\engine.py", line 69, in __init__
    self.downloader = downloader_cls(crawler)
  File "c:\python27\lib\site-packages\scrapy\core\downloader\__init__.py", line 88, in __init__
    self.middleware = DownloaderMiddlewareManager.from_crawler(crawler)
  File "c:\python27\lib\site-packages\scrapy\middleware.py", line 58, in from_crawler
    return cls.from_settings(crawler.settings, crawler)
  File "c:\python27\lib\site-packages\scrapy\middleware.py", line 34, in from_settings
    mwcls = load_object(clspath)
  File "c:\python27\lib\site-packages\scrapy\utils\misc.py", line 44, in load_object
    mod = import_module(module)
  File "c:\python27\lib\importlib\__init__.py", line 37, in import_module
    __import__(name)
  File "c:\python27\lib\site-packages\scrapy\downloadermiddlewares\retry.py", line 20, in <module>
    from twisted.web.client import ResponseFailed
  File "c:\python27\lib\site-packages\twisted\web\client.py", line 42, in <module>
    from twisted.internet.endpoints import HostnameEndpoint, wrapClientTLS
  File "c:\python27\lib\site-packages\twisted\internet\endpoints.py", line 41, in <module>
    from twisted.internet.stdio import StandardIO, PipeAddress
  File "c:\python27\lib\site-packages\twisted\internet\stdio.py", line 30, in <module>
    from twisted.internet import _win32stdio
  File "c:\python27\lib\site-packages\twisted\internet\_win32stdio.py", line 9, in <module>
    import win32api
ImportError: No module named win32api
2018-04-12 23:58:49 [scrapy.utils.log] INFO: Scrapy 1.4.0 started (bot: shoolnews)
2018-04-12 23:58:49 [scrapy.utils.log] INFO: Overridden settings: {'NEWSPIDER_MODULE': 'shoolnews.spiders', 'ROBOTSTXT_OBEY': True, 'SPIDER_MODULES': ['shoolnews.spiders'], 'BOT_NAME': 'shoolnews', 'COOKIES_ENABLED': False, 'LOG_FILE': 'schoolscrapy.log', 'DOWNLOAD_DELAY': 3}
2018-04-12 23:58:49 [scrapy.middleware] INFO: Enabled extensions:
['scrapy.extensions.logstats.LogStats',
 'scrapy.extensions.telnet.TelnetConsole',
 'scrapy.extensions.corestats.CoreStats']
2018-04-12 23:58:49 [twisted] CRITICAL: Unhandled error in Deferred:
2018-04-12 23:58:49 [twisted] CRITICAL: 
Traceback (most recent call last):
  File "c:\python27\lib\site-packages\twisted\internet\defer.py", line 1386, in _inlineCallbacks
    result = g.send(result)
  File "c:\python27\lib\site-packages\scrapy\crawler.py", line 95, in crawl
    six.reraise(*exc_info)
  File "c:\python27\lib\site-packages\scrapy\crawler.py", line 77, in crawl
    self.engine = self._create_engine()
  File "c:\python27\lib\site-packages\scrapy\crawler.py", line 102, in _create_engine
    return ExecutionEngine(self, lambda _: self.stop())
  File "c:\python27\lib\site-packages\scrapy\core\engine.py", line 69, in __init__
    self.downloader = downloader_cls(crawler)
  File "c:\python27\lib\site-packages\scrapy\core\downloader\__init__.py", line 88, in __init__
    self.middleware = DownloaderMiddlewareManager.from_crawler(crawler)
  File "c:\python27\lib\site-packages\scrapy\middleware.py", line 58, in from_crawler
    return cls.from_settings(crawler.settings, crawler)
  File "c:\python27\lib\site-packages\scrapy\middleware.py", line 34, in from_settings
    mwcls = load_object(clspath)
  File "c:\python27\lib\site-packages\scrapy\utils\misc.py", line 44, in load_object
    mod = import_module(module)
  File "c:\python27\lib\importlib\__init__.py", line 37, in import_module
    __import__(name)
  File "c:\python27\lib\site-packages\scrapy\downloadermiddlewares\retry.py", line 20, in <module>
    from twisted.web.client import ResponseFailed
  File "c:\python27\lib\site-packages\twisted\web\client.py", line 42, in <module>
    from twisted.internet.endpoints import HostnameEndpoint, wrapClientTLS
  File "c:\python27\lib\site-packages\twisted\internet\endpoints.py", line 41, in <module>
    from twisted.internet.stdio import StandardIO, PipeAddress
  File "c:\python27\lib\site-packages\twisted\internet\stdio.py", line 30, in <module>
    from twisted.internet import _win32stdio
  File "c:\python27\lib\site-packages\twisted\internet\_win32stdio.py", line 9, in <module>
    import win32api
ImportError: No module named win32api
2018-04-12 23:58:50 [scrapy.utils.log] INFO: Scrapy 1.4.0 started (bot: shoolnews)
2018-04-12 23:58:50 [scrapy.utils.log] INFO: Overridden settings: {'NEWSPIDER_MODULE': 'shoolnews.spiders', 'ROBOTSTXT_OBEY': True, 'SPIDER_MODULES': ['shoolnews.spiders'], 'BOT_NAME': 'shoolnews', 'COOKIES_ENABLED': False, 'LOG_FILE': 'schoolscrapy.log', 'DOWNLOAD_DELAY': 3}
2018-04-12 23:58:50 [scrapy.middleware] INFO: Enabled extensions:
['scrapy.extensions.logstats.LogStats',
 'scrapy.extensions.telnet.TelnetConsole',
 'scrapy.extensions.corestats.CoreStats']
2018-04-12 23:58:50 [twisted] CRITICAL: Unhandled error in Deferred:
2018-04-12 23:58:50 [twisted] CRITICAL: 
Traceback (most recent call last):
  File "c:\python27\lib\site-packages\twisted\internet\defer.py", line 1386, in _inlineCallbacks
    result = g.send(result)
  File "c:\python27\lib\site-packages\scrapy\crawler.py", line 95, in crawl
    six.reraise(*exc_info)
  File "c:\python27\lib\site-packages\scrapy\crawler.py", line 77, in crawl
    self.engine = self._create_engine()
  File "c:\python27\lib\site-packages\scrapy\crawler.py", line 102, in _create_engine
    return ExecutionEngine(self, lambda _: self.stop())
  File "c:\python27\lib\site-packages\scrapy\core\engine.py", line 69, in __init__
    self.downloader = downloader_cls(crawler)
  File "c:\python27\lib\site-packages\scrapy\core\downloader\__init__.py", line 88, in __init__
    self.middleware = DownloaderMiddlewareManager.from_crawler(crawler)
  File "c:\python27\lib\site-packages\scrapy\middleware.py", line 58, in from_crawler
    return cls.from_settings(crawler.settings, crawler)
  File "c:\python27\lib\site-packages\scrapy\middleware.py", line 34, in from_settings
    mwcls = load_object(clspath)
  File "c:\python27\lib\site-packages\scrapy\utils\misc.py", line 44, in load_object
    mod = import_module(module)
  File "c:\python27\lib\importlib\__init__.py", line 37, in import_module
    __import__(name)
  File "c:\python27\lib\site-packages\scrapy\downloadermiddlewares\retry.py", line 20, in <module>
    from twisted.web.client import ResponseFailed
  File "c:\python27\lib\site-packages\twisted\web\client.py", line 42, in <module>
    from twisted.internet.endpoints import HostnameEndpoint, wrapClientTLS
  File "c:\python27\lib\site-packages\twisted\internet\endpoints.py", line 41, in <module>
    from twisted.internet.stdio import StandardIO, PipeAddress
  File "c:\python27\lib\site-packages\twisted\internet\stdio.py", line 30, in <module>
    from twisted.internet import _win32stdio
  File "c:\python27\lib\site-packages\twisted\internet\_win32stdio.py", line 9, in <module>
    import win32api
ImportError: No module named win32api
2018-04-12 23:58:51 [scrapy.utils.log] INFO: Scrapy 1.4.0 started (bot: shoolnews)
2018-04-12 23:58:51 [scrapy.utils.log] INFO: Overridden settings: {'NEWSPIDER_MODULE': 'shoolnews.spiders', 'ROBOTSTXT_OBEY': True, 'SPIDER_MODULES': ['shoolnews.spiders'], 'BOT_NAME': 'shoolnews', 'COOKIES_ENABLED': False, 'LOG_FILE': 'schoolscrapy.log', 'DOWNLOAD_DELAY': 3}
2018-04-12 23:58:51 [scrapy.middleware] INFO: Enabled extensions:
['scrapy.extensions.logstats.LogStats',
 'scrapy.extensions.telnet.TelnetConsole',
 'scrapy.extensions.corestats.CoreStats']
2018-04-12 23:58:51 [twisted] CRITICAL: Unhandled error in Deferred:
2018-04-12 23:58:51 [twisted] CRITICAL: 
Traceback (most recent call last):
  File "c:\python27\lib\site-packages\twisted\internet\defer.py", line 1386, in _inlineCallbacks
    result = g.send(result)
  File "c:\python27\lib\site-packages\scrapy\crawler.py", line 95, in crawl
    six.reraise(*exc_info)
  File "c:\python27\lib\site-packages\scrapy\crawler.py", line 77, in crawl
    self.engine = self._create_engine()
  File "c:\python27\lib\site-packages\scrapy\crawler.py", line 102, in _create_engine
    return ExecutionEngine(self, lambda _: self.stop())
  File "c:\python27\lib\site-packages\scrapy\core\engine.py", line 69, in __init__
    self.downloader = downloader_cls(crawler)
  File "c:\python27\lib\site-packages\scrapy\core\downloader\__init__.py", line 88, in __init__
    self.middleware = DownloaderMiddlewareManager.from_crawler(crawler)
  File "c:\python27\lib\site-packages\scrapy\middleware.py", line 58, in from_crawler
    return cls.from_settings(crawler.settings, crawler)
  File "c:\python27\lib\site-packages\scrapy\middleware.py", line 34, in from_settings
    mwcls = load_object(clspath)
  File "c:\python27\lib\site-packages\scrapy\utils\misc.py", line 44, in load_object
    mod = import_module(module)
  File "c:\python27\lib\importlib\__init__.py", line 37, in import_module
    __import__(name)
  File "c:\python27\lib\site-packages\scrapy\downloadermiddlewares\retry.py", line 20, in <module>
    from twisted.web.client import ResponseFailed
  File "c:\python27\lib\site-packages\twisted\web\client.py", line 42, in <module>
    from twisted.internet.endpoints import HostnameEndpoint, wrapClientTLS
  File "c:\python27\lib\site-packages\twisted\internet\endpoints.py", line 41, in <module>
    from twisted.internet.stdio import StandardIO, PipeAddress
  File "c:\python27\lib\site-packages\twisted\internet\stdio.py", line 30, in <module>
    from twisted.internet import _win32stdio
  File "c:\python27\lib\site-packages\twisted\internet\_win32stdio.py", line 9, in <module>
    import win32api
ImportError: No module named win32api
2018-04-12 23:58:52 [scrapy.utils.log] INFO: Scrapy 1.4.0 started (bot: shoolnews)
2018-04-12 23:58:52 [scrapy.utils.log] INFO: Overridden settings: {'NEWSPIDER_MODULE': 'shoolnews.spiders', 'ROBOTSTXT_OBEY': True, 'SPIDER_MODULES': ['shoolnews.spiders'], 'BOT_NAME': 'shoolnews', 'COOKIES_ENABLED': False, 'LOG_FILE': 'schoolscrapy.log', 'DOWNLOAD_DELAY': 3}
2018-04-12 23:58:52 [scrapy.middleware] INFO: Enabled extensions:
['scrapy.extensions.logstats.LogStats',
 'scrapy.extensions.telnet.TelnetConsole',
 'scrapy.extensions.corestats.CoreStats']
2018-04-12 23:58:52 [twisted] CRITICAL: Unhandled error in Deferred:
2018-04-12 23:58:52 [twisted] CRITICAL: 
Traceback (most recent call last):
  File "c:\python27\lib\site-packages\twisted\internet\defer.py", line 1386, in _inlineCallbacks
    result = g.send(result)
  File "c:\python27\lib\site-packages\scrapy\crawler.py", line 95, in crawl
    six.reraise(*exc_info)
  File "c:\python27\lib\site-packages\scrapy\crawler.py", line 77, in crawl
    self.engine = self._create_engine()
  File "c:\python27\lib\site-packages\scrapy\crawler.py", line 102, in _create_engine
    return ExecutionEngine(self, lambda _: self.stop())
  File "c:\python27\lib\site-packages\scrapy\core\engine.py", line 69, in __init__
    self.downloader = downloader_cls(crawler)
  File "c:\python27\lib\site-packages\scrapy\core\downloader\__init__.py", line 88, in __init__
    self.middleware = DownloaderMiddlewareManager.from_crawler(crawler)
  File "c:\python27\lib\site-packages\scrapy\middleware.py", line 58, in from_crawler
    return cls.from_settings(crawler.settings, crawler)
  File "c:\python27\lib\site-packages\scrapy\middleware.py", line 34, in from_settings
    mwcls = load_object(clspath)
  File "c:\python27\lib\site-packages\scrapy\utils\misc.py", line 44, in load_object
    mod = import_module(module)
  File "c:\python27\lib\importlib\__init__.py", line 37, in import_module
    __import__(name)
  File "c:\python27\lib\site-packages\scrapy\downloadermiddlewares\retry.py", line 20, in <module>
    from twisted.web.client import ResponseFailed
  File "c:\python27\lib\site-packages\twisted\web\client.py", line 42, in <module>
    from twisted.internet.endpoints import HostnameEndpoint, wrapClientTLS
  File "c:\python27\lib\site-packages\twisted\internet\endpoints.py", line 41, in <module>
    from twisted.internet.stdio import StandardIO, PipeAddress
  File "c:\python27\lib\site-packages\twisted\internet\stdio.py", line 30, in <module>
    from twisted.internet import _win32stdio
  File "c:\python27\lib\site-packages\twisted\internet\_win32stdio.py", line 9, in <module>
    import win32api
ImportError: No module named win32api
2018-04-12 23:58:52 [scrapy.utils.log] INFO: Scrapy 1.4.0 started (bot: shoolnews)
2018-04-12 23:58:52 [scrapy.utils.log] INFO: Overridden settings: {'NEWSPIDER_MODULE': 'shoolnews.spiders', 'ROBOTSTXT_OBEY': True, 'SPIDER_MODULES': ['shoolnews.spiders'], 'BOT_NAME': 'shoolnews', 'COOKIES_ENABLED': False, 'LOG_FILE': 'schoolscrapy.log', 'DOWNLOAD_DELAY': 3}
2018-04-12 23:58:52 [scrapy.middleware] INFO: Enabled extensions:
['scrapy.extensions.logstats.LogStats',
 'scrapy.extensions.telnet.TelnetConsole',
 'scrapy.extensions.corestats.CoreStats']
2018-04-12 23:58:52 [twisted] CRITICAL: Unhandled error in Deferred:
2018-04-12 23:58:52 [twisted] CRITICAL: 
Traceback (most recent call last):
  File "c:\python27\lib\site-packages\twisted\internet\defer.py", line 1386, in _inlineCallbacks
    result = g.send(result)
  File "c:\python27\lib\site-packages\scrapy\crawler.py", line 95, in crawl
    six.reraise(*exc_info)
  File "c:\python27\lib\site-packages\scrapy\crawler.py", line 77, in crawl
    self.engine = self._create_engine()
  File "c:\python27\lib\site-packages\scrapy\crawler.py", line 102, in _create_engine
    return ExecutionEngine(self, lambda _: self.stop())
  File "c:\python27\lib\site-packages\scrapy\core\engine.py", line 69, in __init__
    self.downloader = downloader_cls(crawler)
  File "c:\python27\lib\site-packages\scrapy\core\downloader\__init__.py", line 88, in __init__
    self.middleware = DownloaderMiddlewareManager.from_crawler(crawler)
  File "c:\python27\lib\site-packages\scrapy\middleware.py", line 58, in from_crawler
    return cls.from_settings(crawler.settings, crawler)
  File "c:\python27\lib\site-packages\scrapy\middleware.py", line 34, in from_settings
    mwcls = load_object(clspath)
  File "c:\python27\lib\site-packages\scrapy\utils\misc.py", line 44, in load_object
    mod = import_module(module)
  File "c:\python27\lib\importlib\__init__.py", line 37, in import_module
    __import__(name)
  File "c:\python27\lib\site-packages\scrapy\downloadermiddlewares\retry.py", line 20, in <module>
    from twisted.web.client import ResponseFailed
  File "c:\python27\lib\site-packages\twisted\web\client.py", line 42, in <module>
    from twisted.internet.endpoints import HostnameEndpoint, wrapClientTLS
  File "c:\python27\lib\site-packages\twisted\internet\endpoints.py", line 41, in <module>
    from twisted.internet.stdio import StandardIO, PipeAddress
  File "c:\python27\lib\site-packages\twisted\internet\stdio.py", line 30, in <module>
    from twisted.internet import _win32stdio
  File "c:\python27\lib\site-packages\twisted\internet\_win32stdio.py", line 9, in <module>
    import win32api
ImportError: No module named win32api
2018-04-12 23:58:53 [scrapy.utils.log] INFO: Scrapy 1.4.0 started (bot: shoolnews)
2018-04-12 23:58:53 [scrapy.utils.log] INFO: Overridden settings: {'NEWSPIDER_MODULE': 'shoolnews.spiders', 'ROBOTSTXT_OBEY': True, 'SPIDER_MODULES': ['shoolnews.spiders'], 'BOT_NAME': 'shoolnews', 'COOKIES_ENABLED': False, 'LOG_FILE': 'schoolscrapy.log', 'DOWNLOAD_DELAY': 3}
2018-04-12 23:58:53 [scrapy.middleware] INFO: Enabled extensions:
['scrapy.extensions.logstats.LogStats',
 'scrapy.extensions.telnet.TelnetConsole',
 'scrapy.extensions.corestats.CoreStats']
2018-04-12 23:58:53 [twisted] CRITICAL: Unhandled error in Deferred:
2018-04-12 23:58:53 [twisted] CRITICAL: 
Traceback (most recent call last):
  File "c:\python27\lib\site-packages\twisted\internet\defer.py", line 1386, in _inlineCallbacks
    result = g.send(result)
  File "c:\python27\lib\site-packages\scrapy\crawler.py", line 95, in crawl
    six.reraise(*exc_info)
  File "c:\python27\lib\site-packages\scrapy\crawler.py", line 77, in crawl
    self.engine = self._create_engine()
  File "c:\python27\lib\site-packages\scrapy\crawler.py", line 102, in _create_engine
    return ExecutionEngine(self, lambda _: self.stop())
  File "c:\python27\lib\site-packages\scrapy\core\engine.py", line 69, in __init__
    self.downloader = downloader_cls(crawler)
  File "c:\python27\lib\site-packages\scrapy\core\downloader\__init__.py", line 88, in __init__
    self.middleware = DownloaderMiddlewareManager.from_crawler(crawler)
  File "c:\python27\lib\site-packages\scrapy\middleware.py", line 58, in from_crawler
    return cls.from_settings(crawler.settings, crawler)
  File "c:\python27\lib\site-packages\scrapy\middleware.py", line 34, in from_settings
    mwcls = load_object(clspath)
  File "c:\python27\lib\site-packages\scrapy\utils\misc.py", line 44, in load_object
    mod = import_module(module)
  File "c:\python27\lib\importlib\__init__.py", line 37, in import_module
    __import__(name)
  File "c:\python27\lib\site-packages\scrapy\downloadermiddlewares\retry.py", line 20, in <module>
    from twisted.web.client import ResponseFailed
  File "c:\python27\lib\site-packages\twisted\web\client.py", line 42, in <module>
    from twisted.internet.endpoints import HostnameEndpoint, wrapClientTLS
  File "c:\python27\lib\site-packages\twisted\internet\endpoints.py", line 41, in <module>
    from twisted.internet.stdio import StandardIO, PipeAddress
  File "c:\python27\lib\site-packages\twisted\internet\stdio.py", line 30, in <module>
    from twisted.internet import _win32stdio
  File "c:\python27\lib\site-packages\twisted\internet\_win32stdio.py", line 9, in <module>
    import win32api
ImportError: No module named win32api
2018-04-12 23:58:54 [scrapy.utils.log] INFO: Scrapy 1.4.0 started (bot: shoolnews)
2018-04-12 23:58:54 [scrapy.utils.log] INFO: Overridden settings: {'NEWSPIDER_MODULE': 'shoolnews.spiders', 'ROBOTSTXT_OBEY': True, 'SPIDER_MODULES': ['shoolnews.spiders'], 'BOT_NAME': 'shoolnews', 'COOKIES_ENABLED': False, 'LOG_FILE': 'schoolscrapy.log', 'DOWNLOAD_DELAY': 3}
2018-04-12 23:58:54 [scrapy.middleware] INFO: Enabled extensions:
['scrapy.extensions.logstats.LogStats',
 'scrapy.extensions.telnet.TelnetConsole',
 'scrapy.extensions.corestats.CoreStats']
2018-04-12 23:58:54 [twisted] CRITICAL: Unhandled error in Deferred:
2018-04-12 23:58:54 [twisted] CRITICAL: 
Traceback (most recent call last):
  File "c:\python27\lib\site-packages\twisted\internet\defer.py", line 1386, in _inlineCallbacks
    result = g.send(result)
  File "c:\python27\lib\site-packages\scrapy\crawler.py", line 95, in crawl
    six.reraise(*exc_info)
  File "c:\python27\lib\site-packages\scrapy\crawler.py", line 77, in crawl
    self.engine = self._create_engine()
  File "c:\python27\lib\site-packages\scrapy\crawler.py", line 102, in _create_engine
    return ExecutionEngine(self, lambda _: self.stop())
  File "c:\python27\lib\site-packages\scrapy\core\engine.py", line 69, in __init__
    self.downloader = downloader_cls(crawler)
  File "c:\python27\lib\site-packages\scrapy\core\downloader\__init__.py", line 88, in __init__
    self.middleware = DownloaderMiddlewareManager.from_crawler(crawler)
  File "c:\python27\lib\site-packages\scrapy\middleware.py", line 58, in from_crawler
    return cls.from_settings(crawler.settings, crawler)
  File "c:\python27\lib\site-packages\scrapy\middleware.py", line 34, in from_settings
    mwcls = load_object(clspath)
  File "c:\python27\lib\site-packages\scrapy\utils\misc.py", line 44, in load_object
    mod = import_module(module)
  File "c:\python27\lib\importlib\__init__.py", line 37, in import_module
    __import__(name)
  File "c:\python27\lib\site-packages\scrapy\downloadermiddlewares\retry.py", line 20, in <module>
    from twisted.web.client import ResponseFailed
  File "c:\python27\lib\site-packages\twisted\web\client.py", line 42, in <module>
    from twisted.internet.endpoints import HostnameEndpoint, wrapClientTLS
  File "c:\python27\lib\site-packages\twisted\internet\endpoints.py", line 41, in <module>
    from twisted.internet.stdio import StandardIO, PipeAddress
  File "c:\python27\lib\site-packages\twisted\internet\stdio.py", line 30, in <module>
    from twisted.internet import _win32stdio
  File "c:\python27\lib\site-packages\twisted\internet\_win32stdio.py", line 9, in <module>
    import win32api
ImportError: No module named win32api
2018-04-12 23:58:55 [scrapy.utils.log] INFO: Scrapy 1.4.0 started (bot: shoolnews)
2018-04-12 23:58:55 [scrapy.utils.log] INFO: Overridden settings: {'NEWSPIDER_MODULE': 'shoolnews.spiders', 'ROBOTSTXT_OBEY': True, 'SPIDER_MODULES': ['shoolnews.spiders'], 'BOT_NAME': 'shoolnews', 'COOKIES_ENABLED': False, 'LOG_FILE': 'schoolscrapy.log', 'DOWNLOAD_DELAY': 3}
2018-04-12 23:58:55 [scrapy.middleware] INFO: Enabled extensions:
['scrapy.extensions.logstats.LogStats',
 'scrapy.extensions.telnet.TelnetConsole',
 'scrapy.extensions.corestats.CoreStats']
2018-04-12 23:58:55 [twisted] CRITICAL: Unhandled error in Deferred:
2018-04-12 23:58:55 [twisted] CRITICAL: 
Traceback (most recent call last):
  File "c:\python27\lib\site-packages\twisted\internet\defer.py", line 1386, in _inlineCallbacks
    result = g.send(result)
  File "c:\python27\lib\site-packages\scrapy\crawler.py", line 95, in crawl
    six.reraise(*exc_info)
  File "c:\python27\lib\site-packages\scrapy\crawler.py", line 77, in crawl
    self.engine = self._create_engine()
  File "c:\python27\lib\site-packages\scrapy\crawler.py", line 102, in _create_engine
    return ExecutionEngine(self, lambda _: self.stop())
  File "c:\python27\lib\site-packages\scrapy\core\engine.py", line 69, in __init__
    self.downloader = downloader_cls(crawler)
  File "c:\python27\lib\site-packages\scrapy\core\downloader\__init__.py", line 88, in __init__
    self.middleware = DownloaderMiddlewareManager.from_crawler(crawler)
  File "c:\python27\lib\site-packages\scrapy\middleware.py", line 58, in from_crawler
    return cls.from_settings(crawler.settings, crawler)
  File "c:\python27\lib\site-packages\scrapy\middleware.py", line 34, in from_settings
    mwcls = load_object(clspath)
  File "c:\python27\lib\site-packages\scrapy\utils\misc.py", line 44, in load_object
    mod = import_module(module)
  File "c:\python27\lib\importlib\__init__.py", line 37, in import_module
    __import__(name)
  File "c:\python27\lib\site-packages\scrapy\downloadermiddlewares\retry.py", line 20, in <module>
    from twisted.web.client import ResponseFailed
  File "c:\python27\lib\site-packages\twisted\web\client.py", line 42, in <module>
    from twisted.internet.endpoints import HostnameEndpoint, wrapClientTLS
  File "c:\python27\lib\site-packages\twisted\internet\endpoints.py", line 41, in <module>
    from twisted.internet.stdio import StandardIO, PipeAddress
  File "c:\python27\lib\site-packages\twisted\internet\stdio.py", line 30, in <module>
    from twisted.internet import _win32stdio
  File "c:\python27\lib\site-packages\twisted\internet\_win32stdio.py", line 9, in <module>
    import win32api
ImportError: No module named win32api
2018-04-12 23:58:56 [scrapy.utils.log] INFO: Scrapy 1.4.0 started (bot: shoolnews)
2018-04-12 23:58:56 [scrapy.utils.log] INFO: Overridden settings: {'NEWSPIDER_MODULE': 'shoolnews.spiders', 'ROBOTSTXT_OBEY': True, 'SPIDER_MODULES': ['shoolnews.spiders'], 'BOT_NAME': 'shoolnews', 'COOKIES_ENABLED': False, 'LOG_FILE': 'schoolscrapy.log', 'DOWNLOAD_DELAY': 3}
2018-04-12 23:58:56 [scrapy.middleware] INFO: Enabled extensions:
['scrapy.extensions.logstats.LogStats',
 'scrapy.extensions.telnet.TelnetConsole',
 'scrapy.extensions.corestats.CoreStats']
2018-04-12 23:58:56 [twisted] CRITICAL: Unhandled error in Deferred:
2018-04-12 23:58:56 [twisted] CRITICAL: 
Traceback (most recent call last):
  File "c:\python27\lib\site-packages\twisted\internet\defer.py", line 1386, in _inlineCallbacks
    result = g.send(result)
  File "c:\python27\lib\site-packages\scrapy\crawler.py", line 95, in crawl
    six.reraise(*exc_info)
  File "c:\python27\lib\site-packages\scrapy\crawler.py", line 77, in crawl
    self.engine = self._create_engine()
  File "c:\python27\lib\site-packages\scrapy\crawler.py", line 102, in _create_engine
    return ExecutionEngine(self, lambda _: self.stop())
  File "c:\python27\lib\site-packages\scrapy\core\engine.py", line 69, in __init__
    self.downloader = downloader_cls(crawler)
  File "c:\python27\lib\site-packages\scrapy\core\downloader\__init__.py", line 88, in __init__
    self.middleware = DownloaderMiddlewareManager.from_crawler(crawler)
  File "c:\python27\lib\site-packages\scrapy\middleware.py", line 58, in from_crawler
    return cls.from_settings(crawler.settings, crawler)
  File "c:\python27\lib\site-packages\scrapy\middleware.py", line 34, in from_settings
    mwcls = load_object(clspath)
  File "c:\python27\lib\site-packages\scrapy\utils\misc.py", line 44, in load_object
    mod = import_module(module)
  File "c:\python27\lib\importlib\__init__.py", line 37, in import_module
    __import__(name)
  File "c:\python27\lib\site-packages\scrapy\downloadermiddlewares\retry.py", line 20, in <module>
    from twisted.web.client import ResponseFailed
  File "c:\python27\lib\site-packages\twisted\web\client.py", line 42, in <module>
    from twisted.internet.endpoints import HostnameEndpoint, wrapClientTLS
  File "c:\python27\lib\site-packages\twisted\internet\endpoints.py", line 41, in <module>
    from twisted.internet.stdio import StandardIO, PipeAddress
  File "c:\python27\lib\site-packages\twisted\internet\stdio.py", line 30, in <module>
    from twisted.internet import _win32stdio
  File "c:\python27\lib\site-packages\twisted\internet\_win32stdio.py", line 9, in <module>
    import win32api
ImportError: No module named win32api
2018-04-12 23:58:56 [scrapy.utils.log] INFO: Scrapy 1.4.0 started (bot: shoolnews)
2018-04-12 23:58:56 [scrapy.utils.log] INFO: Overridden settings: {'NEWSPIDER_MODULE': 'shoolnews.spiders', 'ROBOTSTXT_OBEY': True, 'SPIDER_MODULES': ['shoolnews.spiders'], 'BOT_NAME': 'shoolnews', 'COOKIES_ENABLED': False, 'LOG_FILE': 'schoolscrapy.log', 'DOWNLOAD_DELAY': 3}
2018-04-12 23:58:56 [scrapy.middleware] INFO: Enabled extensions:
['scrapy.extensions.logstats.LogStats',
 'scrapy.extensions.telnet.TelnetConsole',
 'scrapy.extensions.corestats.CoreStats']
2018-04-12 23:58:56 [twisted] CRITICAL: Unhandled error in Deferred:
2018-04-12 23:58:56 [twisted] CRITICAL: 
Traceback (most recent call last):
  File "c:\python27\lib\site-packages\twisted\internet\defer.py", line 1386, in _inlineCallbacks
    result = g.send(result)
  File "c:\python27\lib\site-packages\scrapy\crawler.py", line 95, in crawl
    six.reraise(*exc_info)
  File "c:\python27\lib\site-packages\scrapy\crawler.py", line 77, in crawl
    self.engine = self._create_engine()
  File "c:\python27\lib\site-packages\scrapy\crawler.py", line 102, in _create_engine
    return ExecutionEngine(self, lambda _: self.stop())
  File "c:\python27\lib\site-packages\scrapy\core\engine.py", line 69, in __init__
    self.downloader = downloader_cls(crawler)
  File "c:\python27\lib\site-packages\scrapy\core\downloader\__init__.py", line 88, in __init__
    self.middleware = DownloaderMiddlewareManager.from_crawler(crawler)
  File "c:\python27\lib\site-packages\scrapy\middleware.py", line 58, in from_crawler
    return cls.from_settings(crawler.settings, crawler)
  File "c:\python27\lib\site-packages\scrapy\middleware.py", line 34, in from_settings
    mwcls = load_object(clspath)
  File "c:\python27\lib\site-packages\scrapy\utils\misc.py", line 44, in load_object
    mod = import_module(module)
  File "c:\python27\lib\importlib\__init__.py", line 37, in import_module
    __import__(name)
  File "c:\python27\lib\site-packages\scrapy\downloadermiddlewares\retry.py", line 20, in <module>
    from twisted.web.client import ResponseFailed
  File "c:\python27\lib\site-packages\twisted\web\client.py", line 42, in <module>
    from twisted.internet.endpoints import HostnameEndpoint, wrapClientTLS
  File "c:\python27\lib\site-packages\twisted\internet\endpoints.py", line 41, in <module>
    from twisted.internet.stdio import StandardIO, PipeAddress
  File "c:\python27\lib\site-packages\twisted\internet\stdio.py", line 30, in <module>
    from twisted.internet import _win32stdio
  File "c:\python27\lib\site-packages\twisted\internet\_win32stdio.py", line 9, in <module>
    import win32api
ImportError: No module named win32api
2018-04-12 23:58:57 [scrapy.utils.log] INFO: Scrapy 1.4.0 started (bot: shoolnews)
2018-04-12 23:58:57 [scrapy.utils.log] INFO: Overridden settings: {'NEWSPIDER_MODULE': 'shoolnews.spiders', 'ROBOTSTXT_OBEY': True, 'SPIDER_MODULES': ['shoolnews.spiders'], 'BOT_NAME': 'shoolnews', 'COOKIES_ENABLED': False, 'LOG_FILE': 'schoolscrapy.log', 'DOWNLOAD_DELAY': 3}
2018-04-12 23:58:57 [scrapy.middleware] INFO: Enabled extensions:
['scrapy.extensions.logstats.LogStats',
 'scrapy.extensions.telnet.TelnetConsole',
 'scrapy.extensions.corestats.CoreStats']
2018-04-12 23:58:57 [twisted] CRITICAL: Unhandled error in Deferred:
2018-04-12 23:58:57 [twisted] CRITICAL: 
Traceback (most recent call last):
  File "c:\python27\lib\site-packages\twisted\internet\defer.py", line 1386, in _inlineCallbacks
    result = g.send(result)
  File "c:\python27\lib\site-packages\scrapy\crawler.py", line 95, in crawl
    six.reraise(*exc_info)
  File "c:\python27\lib\site-packages\scrapy\crawler.py", line 77, in crawl
    self.engine = self._create_engine()
  File "c:\python27\lib\site-packages\scrapy\crawler.py", line 102, in _create_engine
    return ExecutionEngine(self, lambda _: self.stop())
  File "c:\python27\lib\site-packages\scrapy\core\engine.py", line 69, in __init__
    self.downloader = downloader_cls(crawler)
  File "c:\python27\lib\site-packages\scrapy\core\downloader\__init__.py", line 88, in __init__
    self.middleware = DownloaderMiddlewareManager.from_crawler(crawler)
  File "c:\python27\lib\site-packages\scrapy\middleware.py", line 58, in from_crawler
    return cls.from_settings(crawler.settings, crawler)
  File "c:\python27\lib\site-packages\scrapy\middleware.py", line 34, in from_settings
    mwcls = load_object(clspath)
  File "c:\python27\lib\site-packages\scrapy\utils\misc.py", line 44, in load_object
    mod = import_module(module)
  File "c:\python27\lib\importlib\__init__.py", line 37, in import_module
    __import__(name)
  File "c:\python27\lib\site-packages\scrapy\downloadermiddlewares\retry.py", line 20, in <module>
    from twisted.web.client import ResponseFailed
  File "c:\python27\lib\site-packages\twisted\web\client.py", line 42, in <module>
    from twisted.internet.endpoints import HostnameEndpoint, wrapClientTLS
  File "c:\python27\lib\site-packages\twisted\internet\endpoints.py", line 41, in <module>
    from twisted.internet.stdio import StandardIO, PipeAddress
  File "c:\python27\lib\site-packages\twisted\internet\stdio.py", line 30, in <module>
    from twisted.internet import _win32stdio
  File "c:\python27\lib\site-packages\twisted\internet\_win32stdio.py", line 9, in <module>
    import win32api
ImportError: No module named win32api
2018-04-12 23:58:58 [scrapy.utils.log] INFO: Scrapy 1.4.0 started (bot: shoolnews)
2018-04-12 23:58:58 [scrapy.utils.log] INFO: Overridden settings: {'NEWSPIDER_MODULE': 'shoolnews.spiders', 'ROBOTSTXT_OBEY': True, 'SPIDER_MODULES': ['shoolnews.spiders'], 'BOT_NAME': 'shoolnews', 'COOKIES_ENABLED': False, 'LOG_FILE': 'schoolscrapy.log', 'DOWNLOAD_DELAY': 3}
2018-04-12 23:58:58 [scrapy.middleware] INFO: Enabled extensions:
['scrapy.extensions.logstats.LogStats',
 'scrapy.extensions.telnet.TelnetConsole',
 'scrapy.extensions.corestats.CoreStats']
2018-04-12 23:58:58 [twisted] CRITICAL: Unhandled error in Deferred:
2018-04-12 23:58:58 [twisted] CRITICAL: 
Traceback (most recent call last):
  File "c:\python27\lib\site-packages\twisted\internet\defer.py", line 1386, in _inlineCallbacks
    result = g.send(result)
  File "c:\python27\lib\site-packages\scrapy\crawler.py", line 95, in crawl
    six.reraise(*exc_info)
  File "c:\python27\lib\site-packages\scrapy\crawler.py", line 77, in crawl
    self.engine = self._create_engine()
  File "c:\python27\lib\site-packages\scrapy\crawler.py", line 102, in _create_engine
    return ExecutionEngine(self, lambda _: self.stop())
  File "c:\python27\lib\site-packages\scrapy\core\engine.py", line 69, in __init__
    self.downloader = downloader_cls(crawler)
  File "c:\python27\lib\site-packages\scrapy\core\downloader\__init__.py", line 88, in __init__
    self.middleware = DownloaderMiddlewareManager.from_crawler(crawler)
  File "c:\python27\lib\site-packages\scrapy\middleware.py", line 58, in from_crawler
    return cls.from_settings(crawler.settings, crawler)
  File "c:\python27\lib\site-packages\scrapy\middleware.py", line 34, in from_settings
    mwcls = load_object(clspath)
  File "c:\python27\lib\site-packages\scrapy\utils\misc.py", line 44, in load_object
    mod = import_module(module)
  File "c:\python27\lib\importlib\__init__.py", line 37, in import_module
    __import__(name)
  File "c:\python27\lib\site-packages\scrapy\downloadermiddlewares\retry.py", line 20, in <module>
    from twisted.web.client import ResponseFailed
  File "c:\python27\lib\site-packages\twisted\web\client.py", line 42, in <module>
    from twisted.internet.endpoints import HostnameEndpoint, wrapClientTLS
  File "c:\python27\lib\site-packages\twisted\internet\endpoints.py", line 41, in <module>
    from twisted.internet.stdio import StandardIO, PipeAddress
  File "c:\python27\lib\site-packages\twisted\internet\stdio.py", line 30, in <module>
    from twisted.internet import _win32stdio
  File "c:\python27\lib\site-packages\twisted\internet\_win32stdio.py", line 9, in <module>
    import win32api
ImportError: No module named win32api
2018-04-12 23:58:59 [scrapy.utils.log] INFO: Scrapy 1.4.0 started (bot: shoolnews)
2018-04-12 23:58:59 [scrapy.utils.log] INFO: Overridden settings: {'NEWSPIDER_MODULE': 'shoolnews.spiders', 'ROBOTSTXT_OBEY': True, 'SPIDER_MODULES': ['shoolnews.spiders'], 'BOT_NAME': 'shoolnews', 'COOKIES_ENABLED': False, 'LOG_FILE': 'schoolscrapy.log', 'DOWNLOAD_DELAY': 3}
2018-04-12 23:58:59 [scrapy.middleware] INFO: Enabled extensions:
['scrapy.extensions.logstats.LogStats',
 'scrapy.extensions.telnet.TelnetConsole',
 'scrapy.extensions.corestats.CoreStats']
2018-04-12 23:58:59 [twisted] CRITICAL: Unhandled error in Deferred:
2018-04-12 23:58:59 [twisted] CRITICAL: 
Traceback (most recent call last):
  File "c:\python27\lib\site-packages\twisted\internet\defer.py", line 1386, in _inlineCallbacks
    result = g.send(result)
  File "c:\python27\lib\site-packages\scrapy\crawler.py", line 95, in crawl
    six.reraise(*exc_info)
  File "c:\python27\lib\site-packages\scrapy\crawler.py", line 77, in crawl
    self.engine = self._create_engine()
  File "c:\python27\lib\site-packages\scrapy\crawler.py", line 102, in _create_engine
    return ExecutionEngine(self, lambda _: self.stop())
  File "c:\python27\lib\site-packages\scrapy\core\engine.py", line 69, in __init__
    self.downloader = downloader_cls(crawler)
  File "c:\python27\lib\site-packages\scrapy\core\downloader\__init__.py", line 88, in __init__
    self.middleware = DownloaderMiddlewareManager.from_crawler(crawler)
  File "c:\python27\lib\site-packages\scrapy\middleware.py", line 58, in from_crawler
    return cls.from_settings(crawler.settings, crawler)
  File "c:\python27\lib\site-packages\scrapy\middleware.py", line 34, in from_settings
    mwcls = load_object(clspath)
  File "c:\python27\lib\site-packages\scrapy\utils\misc.py", line 44, in load_object
    mod = import_module(module)
  File "c:\python27\lib\importlib\__init__.py", line 37, in import_module
    __import__(name)
  File "c:\python27\lib\site-packages\scrapy\downloadermiddlewares\retry.py", line 20, in <module>
    from twisted.web.client import ResponseFailed
  File "c:\python27\lib\site-packages\twisted\web\client.py", line 42, in <module>
    from twisted.internet.endpoints import HostnameEndpoint, wrapClientTLS
  File "c:\python27\lib\site-packages\twisted\internet\endpoints.py", line 41, in <module>
    from twisted.internet.stdio import StandardIO, PipeAddress
  File "c:\python27\lib\site-packages\twisted\internet\stdio.py", line 30, in <module>
    from twisted.internet import _win32stdio
  File "c:\python27\lib\site-packages\twisted\internet\_win32stdio.py", line 9, in <module>
    import win32api
ImportError: No module named win32api
2018-04-12 23:59:00 [scrapy.utils.log] INFO: Scrapy 1.4.0 started (bot: shoolnews)
2018-04-12 23:59:00 [scrapy.utils.log] INFO: Overridden settings: {'NEWSPIDER_MODULE': 'shoolnews.spiders', 'ROBOTSTXT_OBEY': True, 'SPIDER_MODULES': ['shoolnews.spiders'], 'BOT_NAME': 'shoolnews', 'COOKIES_ENABLED': False, 'LOG_FILE': 'schoolscrapy.log', 'DOWNLOAD_DELAY': 3}
2018-04-12 23:59:00 [scrapy.middleware] INFO: Enabled extensions:
['scrapy.extensions.logstats.LogStats',
 'scrapy.extensions.telnet.TelnetConsole',
 'scrapy.extensions.corestats.CoreStats']
2018-04-12 23:59:00 [twisted] CRITICAL: Unhandled error in Deferred:
2018-04-12 23:59:00 [twisted] CRITICAL: 
Traceback (most recent call last):
  File "c:\python27\lib\site-packages\twisted\internet\defer.py", line 1386, in _inlineCallbacks
    result = g.send(result)
  File "c:\python27\lib\site-packages\scrapy\crawler.py", line 95, in crawl
    six.reraise(*exc_info)
  File "c:\python27\lib\site-packages\scrapy\crawler.py", line 77, in crawl
    self.engine = self._create_engine()
  File "c:\python27\lib\site-packages\scrapy\crawler.py", line 102, in _create_engine
    return ExecutionEngine(self, lambda _: self.stop())
  File "c:\python27\lib\site-packages\scrapy\core\engine.py", line 69, in __init__
    self.downloader = downloader_cls(crawler)
  File "c:\python27\lib\site-packages\scrapy\core\downloader\__init__.py", line 88, in __init__
    self.middleware = DownloaderMiddlewareManager.from_crawler(crawler)
  File "c:\python27\lib\site-packages\scrapy\middleware.py", line 58, in from_crawler
    return cls.from_settings(crawler.settings, crawler)
  File "c:\python27\lib\site-packages\scrapy\middleware.py", line 34, in from_settings
    mwcls = load_object(clspath)
  File "c:\python27\lib\site-packages\scrapy\utils\misc.py", line 44, in load_object
    mod = import_module(module)
  File "c:\python27\lib\importlib\__init__.py", line 37, in import_module
    __import__(name)
  File "c:\python27\lib\site-packages\scrapy\downloadermiddlewares\retry.py", line 20, in <module>
    from twisted.web.client import ResponseFailed
  File "c:\python27\lib\site-packages\twisted\web\client.py", line 42, in <module>
    from twisted.internet.endpoints import HostnameEndpoint, wrapClientTLS
  File "c:\python27\lib\site-packages\twisted\internet\endpoints.py", line 41, in <module>
    from twisted.internet.stdio import StandardIO, PipeAddress
  File "c:\python27\lib\site-packages\twisted\internet\stdio.py", line 30, in <module>
    from twisted.internet import _win32stdio
  File "c:\python27\lib\site-packages\twisted\internet\_win32stdio.py", line 9, in <module>
    import win32api
ImportError: No module named win32api
